<?xml version="1.0" encoding="UTF-8"?>
<testsuite xmlns:xsi="http://www.w3.org/2001/XMLSchema-instance" xsi:noNamespaceSchemaLocation="https://maven.apache.org/surefire/maven-surefire-plugin/xsd/surefire-test-report-3.0.xsd" version="3.0" name="com.bridgelabz.stockportfoliomonitoringapp.StockportfoliomonitoringappApplicationTests" time="6.958" tests="1" errors="0" skipped="0" failures="0">
  <properties>
[...]
</properties>
  <testcase name="contextLoads" classname="com.bridgelabz.stockportfoliomonitoringapp.StockportfoliomonitoringappApplicationTests" time="0.486">
    <system-out><![CDATA[21:56:02.821 [main] INFO org.springframework.test.context.support.AnnotationConfigContextLoaderUtils -- Could not detect default configuration classes for test class [com.bridgelabz.stockportfoliomonitoringapp.StockportfoliomonitoringappApplicationTests]: StockportfoliomonitoringappApplicationTests does not declare any static, non-private, non-final, nested classes annotated with @Configuration.
21:56:02.934 [main] INFO org.springframework.boot.test.context.SpringBootTestContextBootstrapper -- Found @SpringBootConfiguration com.bridgelabz.stockportfoliomonitoringapp.StockportfoliomonitoringappApplication for test class com.bridgelabz.stockportfoliomonitoringapp.StockportfoliomonitoringappApplicationTests
21:56:03.118 [main] INFO org.springframework.boot.devtools.restart.RestartApplicationListener -- Restart disabled due to context in which it is running

  .   ____          _            __ _ _
 /\\ / ___'_ __ _ _(_)_ __  __ _ \ \ \ \
( ( )\___ | '_ | '_| | '_ \/ _` | \ \ \ \
 \\/  ___)| |_)| | | | | || (_| |  ) ) ) )
  '  |____| .__|_| |_|_| |_\__, | / / / /
 =========|_|==============|___/=/_/_/_/

 :: Spring Boot ::                (v3.3.4)

2025-05-28T21:56:03.535+05:30  INFO 9652 --- [stockportfoliomonitoringapp] [           main] ckportfoliomonitoringappApplicationTests : Starting StockportfoliomonitoringappApplicationTests using Java 22.0.1 with PID 9652 (started by naidu in C:\Users\naidu\OneDrive\Documents\Desktop\Stock-Portfolio-Monitoring-App\Stock-Portfolio-Monitoring-App\stockportfoliomonitoringapp)
2025-05-28T21:56:03.536+05:30  INFO 9652 --- [stockportfoliomonitoringapp] [           main] ckportfoliomonitoringappApplicationTests : No active profile set, falling back to 1 default profile: "default"
2025-05-28T21:56:04.584+05:30  INFO 9652 --- [stockportfoliomonitoringapp] [           main] .s.d.r.c.RepositoryConfigurationDelegate : Bootstrapping Spring Data JPA repositories in DEFAULT mode.
2025-05-28T21:56:04.667+05:30  INFO 9652 --- [stockportfoliomonitoringapp] [           main] .s.d.r.c.RepositoryConfigurationDelegate : Finished Spring Data repository scanning in 75 ms. Found 4 JPA repository interfaces.
2025-05-28T21:56:05.394+05:30  INFO 9652 --- [stockportfoliomonitoringapp] [           main] o.hibernate.jpa.internal.util.LogHelper  : HHH000204: Processing PersistenceUnitInfo [name: default]
2025-05-28T21:56:05.487+05:30  INFO 9652 --- [stockportfoliomonitoringapp] [           main] org.hibernate.Version                    : HHH000412: Hibernate ORM core version 6.5.3.Final
2025-05-28T21:56:05.529+05:30  INFO 9652 --- [stockportfoliomonitoringapp] [           main] o.h.c.internal.RegionFactoryInitiator    : HHH000026: Second-level cache disabled
2025-05-28T21:56:05.916+05:30  INFO 9652 --- [stockportfoliomonitoringapp] [           main] o.s.o.j.p.SpringPersistenceUnitInfo      : No LoadTimeWeaver setup: ignoring JPA class transformer
2025-05-28T21:56:05.952+05:30  INFO 9652 --- [stockportfoliomonitoringapp] [           main] com.zaxxer.hikari.HikariDataSource       : HikariPool-1 - Starting...
2025-05-28T21:56:06.398+05:30  INFO 9652 --- [stockportfoliomonitoringapp] [           main] com.zaxxer.hikari.pool.HikariPool        : HikariPool-1 - Added connection com.mysql.cj.jdbc.ConnectionImpl@40a28bda
2025-05-28T21:56:06.400+05:30  INFO 9652 --- [stockportfoliomonitoringapp] [           main] com.zaxxer.hikari.HikariDataSource       : HikariPool-1 - Start completed.
2025-05-28T21:56:06.455+05:30  WARN 9652 --- [stockportfoliomonitoringapp] [           main] org.hibernate.orm.deprecation            : HHH90000025: MySQL8Dialect does not need to be specified explicitly using 'hibernate.dialect' (remove the property setting and it will be selected by default)
2025-05-28T21:56:06.457+05:30  WARN 9652 --- [stockportfoliomonitoringapp] [           main] org.hibernate.orm.deprecation            : HHH90000026: MySQL8Dialect has been deprecated; use org.hibernate.dialect.MySQLDialect instead
2025-05-28T21:56:07.509+05:30  INFO 9652 --- [stockportfoliomonitoringapp] [           main] o.h.e.t.j.p.i.JtaPlatformInitiator       : HHH000489: No JTA platform available (set 'hibernate.transaction.jta.platform' to enable JTA platform integration)
2025-05-28T21:56:07.637+05:30  INFO 9652 --- [stockportfoliomonitoringapp] [           main] j.LocalContainerEntityManagerFactoryBean : Initialized JPA EntityManagerFactory for persistence unit 'default'
2025-05-28T21:56:08.400+05:30  WARN 9652 --- [stockportfoliomonitoringapp] [           main] JpaBaseConfiguration$JpaWebConfiguration : spring.jpa.open-in-view is enabled by default. Therefore, database queries may be performed during view rendering. Explicitly configure spring.jpa.open-in-view to disable this warning
2025-05-28T21:56:09.103+05:30  INFO 9652 --- [stockportfoliomonitoringapp] [           main] ckportfoliomonitoringappApplicationTests : Started StockportfoliomonitoringappApplicationTests in 6.008 seconds (process running for 7.019)
]]></system-out>
    <system-err><![CDATA[WARNING: A Java agent has been loaded dynamically (C:\Users\naidu\.m2\repository\net\bytebuddy\byte-buddy-agent\1.14.19\byte-buddy-agent-1.14.19.jar)
WARNING: If a serviceability tool is in use, please run with -XX:+EnableDynamicAgentLoading to hide this warning
WARNING: If a serviceability tool is not in use, please run with -Djdk.instrument.traceUsage for more information
WARNING: Dynamic loading of agents will be disallowed by default in a future release
]]></system-err>
  </testcase>
</testsuite>